E:\VSPROJECTION\HTTP TUNNEL\HTS\DEBUG\HTS.EXE
E:\VSPROJECTION\HTTP TUNNEL\HTS\DEBUG\HTS.ILK
E:\VSPROJECTION\HTTP TUNNEL\HTS\DEBUG\HTS.PDB
E:\VSprojection\Http tunnel\hts\hts\Debug\cl.command.1.tlog
E:\VSprojection\Http tunnel\hts\hts\Debug\CL.read.1.tlog
E:\VSprojection\Http tunnel\hts\hts\Debug\CL.write.1.tlog
E:\VSPROJECTION\HTTP TUNNEL\HTS\HTS\DEBUG\COMMON.OBJ
E:\VSPROJECTION\HTTP TUNNEL\HTS\HTS\DEBUG\HTS.EXE.EMBED.MANIFEST
E:\VSPROJECTION\HTTP TUNNEL\HTS\HTS\DEBUG\HTS.EXE.EMBED.MANIFEST.RES
E:\VSPROJECTION\HTTP TUNNEL\HTS\HTS\DEBUG\HTS.EXE.INTERMEDIATE.MANIFEST
E:\VSPROJECTION\HTTP TUNNEL\HTS\HTS\DEBUG\HTS.OBJ
E:\VSprojection\Http tunnel\hts\hts\Debug\hts_manifest.rc
E:\VSprojection\Http tunnel\hts\hts\Debug\link.5516.read.1.tlog
E:\VSprojection\Http tunnel\hts\hts\Debug\link.5516.write.1.tlog
E:\VSprojection\Http tunnel\hts\hts\Debug\link.5516-cvtres.read.1.tlog
E:\VSprojection\Http tunnel\hts\hts\Debug\link.5516-cvtres.write.1.tlog
E:\VSprojection\Http tunnel\hts\hts\Debug\link.command.1.tlog
E:\VSprojection\Http tunnel\hts\hts\Debug\link.read.1.tlog
E:\VSprojection\Http tunnel\hts\hts\Debug\link.write.1.tlog
E:\VSprojection\Http tunnel\hts\hts\Debug\link-cvtres.read.1.tlog
E:\VSprojection\Http tunnel\hts\hts\Debug\link-cvtres.write.1.tlog
E:\VSprojection\Http tunnel\hts\hts\Debug\mt.command.1.tlog
E:\VSprojection\Http tunnel\hts\hts\Debug\mt.read.1.tlog
E:\VSprojection\Http tunnel\hts\hts\Debug\mt.write.1.tlog
E:\VSprojection\Http tunnel\hts\hts\Debug\rc.command.1.tlog
E:\VSprojection\Http tunnel\hts\hts\Debug\rc.read.1.tlog
E:\VSprojection\Http tunnel\hts\hts\Debug\rc.write.1.tlog
E:\VSPROJECTION\HTTP TUNNEL\HTS\HTS\DEBUG\TUNNEL.OBJ
E:\VSprojection\Http tunnel\hts\hts\Debug\vc100.idb
E:\VSPROJECTION\HTTP TUNNEL\HTS\HTS\DEBUG\VC100.PDB
