E:\VSprojection\simple_socket_chat\Version2\Client\Client\Debug\cl.command.1.tlog
E:\VSprojection\simple_socket_chat\Version2\Client\Client\Debug\CL.read.1.tlog
E:\VSprojection\simple_socket_chat\Version2\Client\Client\Debug\CL.write.1.tlog
E:\VSPROJECTION\SIMPLE_SOCKET_CHAT\VERSION2\CLIENT\CLIENT\DEBUG\CLIENT.EXE.EMBED.MANIFEST
E:\VSPROJECTION\SIMPLE_SOCKET_CHAT\VERSION2\CLIENT\CLIENT\DEBUG\CLIENT.EXE.EMBED.MANIFEST.RES
E:\VSPROJECTION\SIMPLE_SOCKET_CHAT\VERSION2\CLIENT\CLIENT\DEBUG\CLIENT.EXE.INTERMEDIATE.MANIFEST
E:\VSPROJECTION\SIMPLE_SOCKET_CHAT\VERSION2\CLIENT\CLIENT\DEBUG\CLIENT.OBJ
E:\VSPROJECTION\SIMPLE_SOCKET_CHAT\VERSION2\CLIENT\CLIENT\DEBUG\CLIENT.PCH
E:\VSprojection\simple_socket_chat\Version2\Client\Client\Debug\Client_manifest.rc
E:\VSprojection\simple_socket_chat\Version2\Client\Client\Debug\link.3060.read.1.tlog
E:\VSprojection\simple_socket_chat\Version2\Client\Client\Debug\link.3060.write.1.tlog
E:\VSprojection\simple_socket_chat\Version2\Client\Client\Debug\link.3060-cvtres.read.1.tlog
E:\VSprojection\simple_socket_chat\Version2\Client\Client\Debug\link.3060-cvtres.write.1.tlog
E:\VSprojection\simple_socket_chat\Version2\Client\Client\Debug\link.command.1.tlog
E:\VSprojection\simple_socket_chat\Version2\Client\Client\Debug\link.read.1.tlog
E:\VSprojection\simple_socket_chat\Version2\Client\Client\Debug\link.write.1.tlog
E:\VSprojection\simple_socket_chat\Version2\Client\Client\Debug\link-cvtres.read.1.tlog
E:\VSprojection\simple_socket_chat\Version2\Client\Client\Debug\link-cvtres.write.1.tlog
E:\VSprojection\simple_socket_chat\Version2\Client\Client\Debug\mt.command.1.tlog
E:\VSprojection\simple_socket_chat\Version2\Client\Client\Debug\mt.read.1.tlog
E:\VSprojection\simple_socket_chat\Version2\Client\Client\Debug\mt.write.1.tlog
E:\VSprojection\simple_socket_chat\Version2\Client\Client\Debug\rc.command.1.tlog
E:\VSprojection\simple_socket_chat\Version2\Client\Client\Debug\rc.read.1.tlog
E:\VSprojection\simple_socket_chat\Version2\Client\Client\Debug\rc.write.1.tlog
E:\VSPROJECTION\SIMPLE_SOCKET_CHAT\VERSION2\CLIENT\CLIENT\DEBUG\STDAFX.OBJ
E:\VSprojection\simple_socket_chat\Version2\Client\Client\Debug\vc100.idb
E:\VSPROJECTION\SIMPLE_SOCKET_CHAT\VERSION2\CLIENT\CLIENT\DEBUG\VC100.PDB
E:\VSPROJECTION\SIMPLE_SOCKET_CHAT\VERSION2\CLIENT\DEBUG\CLIENT.EXE
E:\VSPROJECTION\SIMPLE_SOCKET_CHAT\VERSION2\CLIENT\DEBUG\CLIENT.ILK
E:\VSPROJECTION\SIMPLE_SOCKET_CHAT\VERSION2\CLIENT\DEBUG\CLIENT.PDB
