生成启动时间为 2013/6/6 16:28:04。
     1>项目“E:\VSprojection\simple_socket_chat\Version2\server\server\server.vcxproj”在节点 2 上(build 个目标)。
     1>InitializeBuildStatus:
         正在创建“Debug\server.unsuccessfulbuild”，因为已指定“AlwaysCreate”。
       ClCompile:
         所有输出均为最新。
         D:\Program Files\Microsoft Visual Studio 10.0\VC\bin\CL.exe /c /ZI /nologo /W3 /WX- /Od /Oy- /D WIN32 /D _DEBUG /D _CONSOLE /D _UNICODE /D UNICODE /Gm /EHsc /RTC1 /MDd /GS /fp:precise /Zc:wchar_t /Zc:forScope /Yu"StdAfx.h" /Fp"Debug\server.pch" /Fo"Debug\\" /Fd"Debug\vc100.pdb" /Gd /TP /analyze- /errorReport:prompt server.cpp
         server.cpp
     1>e:\vsprojection\simple_socket_chat\version2\server\server\server.cpp(17): warning C4101: “byte_recv”: 未引用的局部变量
     1>e:\vsprojection\simple_socket_chat\version2\server\server\server.cpp(16): warning C4101: “inbuff”: 未引用的局部变量
       ManifestResourceCompile:
         所有输出均为最新。
       Link:
         D:\Program Files\Microsoft Visual Studio 10.0\VC\bin\link.exe /ERRORREPORT:PROMPT /OUT:"E:\VSprojection\simple_socket_chat\Version2\server\Debug\server.exe" /INCREMENTAL /NOLOGO WS2_32.lib kernel32.lib user32.lib gdi32.lib winspool.lib comdlg32.lib advapi32.lib shell32.lib ole32.lib oleaut32.lib uuid.lib odbc32.lib odbccp32.lib kernel32.lib user32.lib gdi32.lib winspool.lib comdlg32.lib advapi32.lib shell32.lib ole32.lib oleaut32.lib uuid.lib odbc32.lib odbccp32.lib /MANIFEST /ManifestFile:"Debug\server.exe.intermediate.manifest" /MANIFESTUAC:"level='asInvoker' uiAccess='false'" /DEBUG /PDB:"E:\VSprojection\simple_socket_chat\Version2\server\Debug\server.pdb" /SUBSYSTEM:CONSOLE /TLBID:1 /DYNAMICBASE /NXCOMPAT /IMPLIB:"E:\VSprojection\simple_socket_chat\Version2\server\Debug\server.lib" /MACHINE:X86 Debug\server.exe.embed.manifest.res
         Debug\server.obj
         Debug\stdafx.obj
       Manifest:
         C:\Program Files\Microsoft SDKs\Windows\v7.0A\bin\mt.exe /nologo /verbose /out:"Debug\server.exe.embed.manifest" /manifest Debug\server.exe.intermediate.manifest
         所有输出均为最新。
       LinkEmbedManifest:
         所有输出均为最新。
         server.vcxproj -> E:\VSprojection\simple_socket_chat\Version2\server\Debug\server.exe
       FinalizeBuildStatus:
         正在删除文件“Debug\server.unsuccessfulbuild”。
         正在对“Debug\server.lastbuildstate”执行 Touch 任务。
     1>已完成生成项目“E:\VSprojection\simple_socket_chat\Version2\server\server\server.vcxproj”(build 个目标)的操作。

生成成功。

已用时间 00:00:00.83
