E:\VSPROJECTION\SERVER\DEBUG\SERVER.EXE
E:\VSPROJECTION\SERVER\DEBUG\SERVER.ILK
E:\VSPROJECTION\SERVER\DEBUG\SERVER.PDB
E:\VSPROJECTION\SERVER\SERVER\DEBUG\SERVER.EXE.EMBED.MANIFEST
E:\VSPROJECTION\SERVER\SERVER\DEBUG\SERVER.EXE.EMBED.MANIFEST.RES
E:\VSPROJECTION\SERVER\SERVER\DEBUG\SERVER.EXE.INTERMEDIATE.MANIFEST
E:\VSPROJECTION\SERVER\SERVER\DEBUG\SERVER.OBJ
E:\VSPROJECTION\SERVER\SERVER\DEBUG\SERVER.PCH
E:\VSPROJECTION\SERVER\SERVER\DEBUG\STDAFX.OBJ
E:\VSPROJECTION\SERVER\SERVER\DEBUG\VC100.PDB
E:\VSPROJECTION\SIMPLE_SOCKET_CHAT\VERSION2\SERVER\DEBUG\SERVER.EXE
E:\VSPROJECTION\SIMPLE_SOCKET_CHAT\VERSION2\SERVER\DEBUG\SERVER.ILK
E:\VSPROJECTION\SIMPLE_SOCKET_CHAT\VERSION2\SERVER\DEBUG\SERVER.PDB
E:\VSprojection\simple_socket_chat\Version2\server\server\Debug\cl.command.1.tlog
E:\VSprojection\simple_socket_chat\Version2\server\server\Debug\CL.read.1.tlog
E:\VSprojection\simple_socket_chat\Version2\server\server\Debug\CL.write.1.tlog
E:\VSprojection\simple_socket_chat\Version2\server\server\Debug\link.command.1.tlog
E:\VSprojection\simple_socket_chat\Version2\server\server\Debug\link.read.1.tlog
E:\VSprojection\simple_socket_chat\Version2\server\server\Debug\link.write.1.tlog
E:\VSprojection\simple_socket_chat\Version2\server\server\Debug\link-cvtres.read.1.tlog
E:\VSprojection\simple_socket_chat\Version2\server\server\Debug\link-cvtres.write.1.tlog
E:\VSprojection\simple_socket_chat\Version2\server\server\Debug\mt.command.1.tlog
E:\VSprojection\simple_socket_chat\Version2\server\server\Debug\mt.read.1.tlog
E:\VSprojection\simple_socket_chat\Version2\server\server\Debug\mt.write.1.tlog
E:\VSprojection\simple_socket_chat\Version2\server\server\Debug\rc.command.1.tlog
E:\VSprojection\simple_socket_chat\Version2\server\server\Debug\rc.read.1.tlog
E:\VSprojection\simple_socket_chat\Version2\server\server\Debug\rc.write.1.tlog
E:\VSprojection\simple_socket_chat\Version2\server\server\Debug\server.exe.embed.manifest
E:\VSPROJECTION\SIMPLE_SOCKET_CHAT\VERSION2\SERVER\SERVER\DEBUG\SERVER.EXE.EMBED.MANIFEST.RES
E:\VSPROJECTION\SIMPLE_SOCKET_CHAT\VERSION2\SERVER\SERVER\DEBUG\SERVER.EXE.INTERMEDIATE.MANIFEST
E:\VSPROJECTION\SIMPLE_SOCKET_CHAT\VERSION2\SERVER\SERVER\DEBUG\SERVER.OBJ
E:\VSPROJECTION\SIMPLE_SOCKET_CHAT\VERSION2\SERVER\SERVER\DEBUG\SERVER.PCH
E:\VSprojection\simple_socket_chat\Version2\server\server\Debug\server_manifest.rc
E:\VSPROJECTION\SIMPLE_SOCKET_CHAT\VERSION2\SERVER\SERVER\DEBUG\STDAFX.OBJ
E:\VSprojection\simple_socket_chat\Version2\server\server\Debug\vc100.idb
E:\VSPROJECTION\SIMPLE_SOCKET_CHAT\VERSION2\SERVER\SERVER\DEBUG\VC100.PDB
